<?xml version="1.0" encoding="UTF-8"?>
<!-- Generated by org.testng.reporters.JUnitReportReporter -->
<testsuite hostname="DESKTOP-VIEGQI7" failures="0" tests="1" name="automationP.testcases.GUI" time="7.031" errors="0" timestamp="2024-10-05T14:34:39 MESZ" skipped="0">
  <testcase classname="automationP.testcases.GUI" name="tc_1" time="7.031"/>
</testsuite> <!-- automationP.testcases.GUI -->
